[Ranking] Using REST API for prices (WebSocket disabled)
[24h] Test logs initialized at /data/trinity_apex/solana-stream/paper-trading/logs/24h-test
================================================================================
KAS PA v4.0 - MULTI-COIN CRASH PREDICTION SYSTEM
================================================================================
Starting Capital: 100 SOL
Update Interval: 30s
Ranking Interval: 30min
[WARM-UP] Data collection phase: 120 minutes

[WebSocket] Server started on ws://0.0.0.0:8080
[Helius] REST Service initialized for swap signal analysis
[BotDetection] Starting Comprehensive Bot Detection...
[BotDetection] Monitoring: Jito, Sandwich, Liquidation, Sniper, Arbitrage, Backrun
[WS] Client connected: 2.213.134.8

[2026-04-14T21:47:35.008Z] Running ranking cycle...
[Ranking] Cycle #1 - Fetching LIVE data...

[2026-04-14T21:47:35.013Z] Cycle #1 | [WARM-UP] Collecting data... 120min remaining
[CrashDetector] fetchNetworkData START
[CrashDetector] Calling getRecentSignatures...
[Chainstack] Calling getSignaturesForAddress...
[Chainstack] getSignaturesForAddress SUCCESS
[CrashDetector] Got 20 signatures
[Chainstack] Calling getTransaction...
[Chainstack] getTransaction SUCCESS
[CrashDetector] Updating SOL metrics: slot=413248927, fee=5001
[Chainstack] Calling getTransaction...
[Chainstack] getTransaction SUCCESS
[CrashDetector] Updating SOL metrics: slot=413248927, fee=6000
[Chainstack] Calling getTransaction...
[Chainstack] getTransaction SUCCESS
[CrashDetector] Updating SOL metrics: slot=413248927, fee=10000
[Chainstack] Calling getTransaction...
[Chainstack] getTransaction SUCCESS
[CrashDetector] Updating SOL metrics: slot=413248927, fee=5001
[Chainstack] Calling getTransaction...
[Chainstack] getTransaction SUCCESS
[CrashDetector] Updating SOL metrics: slot=413248927, fee=5001
[Chainstack] Calling getTransaction...
[Chainstack] getTransaction SUCCESS
[CrashDetector] Updating SOL metrics: slot=413248927, fee=6752
[Chainstack] Calling getTransaction...
[DexScreener] Pool: 30 boosted + 30 recent
[DexScreener] Unique mints: 59
[DexScreener] Fetching 59 tokens in batches of 20...
[Chainstack] getTransaction SUCCESS
[CrashDetector] Updating SOL metrics: slot=413248927, fee=87203
[Chainstack] Calling getTransaction...
[Chainstack] getTransaction SUCCESS
[CrashDetector] Updating SOL metrics: slot=413248927, fee=6000
[Chainstack] Calling getTransaction...
[Chainstack] getTransaction SUCCESS
[CrashDetector] Updating SOL metrics: slot=413248927, fee=568900
[Chainstack] Calling getTransaction...
[Chainstack] getTransaction SUCCESS
[CrashDetector] Updating SOL metrics: slot=413248927, fee=5215
[CrashDetector] fetchNetworkData COMPLETE. Processed 10 transactions
[Sleep] async wait for 30000ms starting...
[DexScreener] Batch 1/3: 15 tokens fetched
[DexScreener] Batch 2/3: 19 tokens fetched
[DexScreener] Batch 3/3: 19 tokens fetched
[DexScreener] Total fetched: 53/59 tokens
[DexScreener] Got data for 53 tokens
[DexScreener] After filters: 15 candidates
[Ranking] Synced 15 tokens from DexScreener. Total candidates: 49
[Ranking] Cycle #1 complete. Total candidates: 49
[Ranking] Top 3:
  1. SOLBOY: 100.0% (Vol: 85, Change: -95.3%)
  2. Chudunc: 100.0% (Vol: 85, Change: -94.8%)
  3. TrollPepe: 100.0% (Vol: 85, Change: -94.2%)
[Ranking] Top 10 selected:
  1. SOLBOY: Score=100 | Price=0.000001686 | 24h=-95.3%
  2. Chudunc: Score=100 | Price=0.000001798 | 24h=-94.8%
  3. TrollPepe: Score=100 | Price=0.000002105 | 24h=-94.2%
  4. $1: Score=100 | Price=0.000001727 | 24h=-95.0%
  5. unctire: Score=100 | Price=0.000002851 | 24h=-92.0%
[Helius] Fetching swap signals for 10 mints...
