[SYSTEM] Initializing Database...
[SYSTEM] Database Path: /data/trinity_apex/trinity.db
[SYSTEM] Database Initialized with WAL mode.
[SYSTEM] Starting Server Sequence...
[SENTINEL] Sentinel Kernel Online. Monitoring System Integrity...
[SYSTEM] Registering Control Center routes...
[CONTROL_CENTER] Auto-Healing Engine started
[SYSTEM] TRINITY V_APEX Online: http://0.0.0.0:3000
[KINETICS] TDS Emitted: SOL/USDT | Sentiment: -0.65 | Prob: 0.9692 | State: 83.3
[SENTINEL] Oracle silence detected! System alert.
[SENTINEL ERROR]: SqliteError: no such column: actual_outcome
    at Database.prepare (/data/trinity_apex/node_modules/better-sqlite3/lib/methods/wrappers.js:5:21)
    at Timeout._onTimeout (/data/trinity_apex/server.ts:499:31)
    at listOnTimeout (node:internal/timers:581:17)
    at process.processTimers (node:internal/timers:519:7) {
  code: 'SQLITE_ERROR'
}
[SENTINEL] Oracle silence detected! System alert.
[SENTINEL ERROR]: SqliteError: no such column: actual_outcome
    at Database.prepare (/data/trinity_apex/node_modules/better-sqlite3/lib/methods/wrappers.js:5:21)
    at Timeout._onTimeout (/data/trinity_apex/server.ts:499:31)
    at listOnTimeout (node:internal/timers:581:17)
    at process.processTimers (node:internal/timers:519:7) {
  code: 'SQLITE_ERROR'
}
[KINETICS] TDS Emitted: ETH/USDT | Sentiment: -0.49 | Prob: 0.7243 | State: 2157.06
[SENTINEL] Oracle silence detected! System alert.
[SENTINEL ERROR]: SqliteError: no such column: actual_outcome
    at Database.prepare (/data/trinity_apex/node_modules/better-sqlite3/lib/methods/wrappers.js:5:21)
    at Timeout._onTimeout (/data/trinity_apex/server.ts:499:31)
    at listOnTimeout (node:internal/timers:581:17)
    at process.processTimers (node:internal/timers:519:7) {
  code: 'SQLITE_ERROR'
}
[KINETICS] TDS Emitted: ETH/USDT | Sentiment: -0.62 | Prob: 0.9159 | State: 2155.71
[SENTINEL] Oracle silence detected! System alert.
[SENTINEL ERROR]: SqliteError: no such column: actual_outcome
    at Database.prepare (/data/trinity_apex/node_modules/better-sqlite3/lib/methods/wrappers.js:5:21)
    at Timeout._onTimeout (/data/trinity_apex/server.ts:499:31)
    at listOnTimeout (node:internal/timers:581:17)
    at process.processTimers (node:internal/timers:519:7) {
  code: 'SQLITE_ERROR'
}
[KINETICS] TDS Emitted: SOL/USDT | Sentiment: 0.54 | Prob: 0.8082 | State: 83.3
[SENTINEL] Oracle silence detected! System alert.
[SENTINEL ERROR]: SqliteError: no such column: actual_outcome
    at Database.prepare (/data/trinity_apex/node_modules/better-sqlite3/lib/methods/wrappers.js:5:21)
    at Timeout._onTimeout (/data/trinity_apex/server.ts:499:31)
    at listOnTimeout (node:internal/timers:581:17)
    at process.processTimers (node:internal/timers:519:7) {
  code: 'SQLITE_ERROR'
}
[SENTINEL] Oracle silence detected! System alert.
[SENTINEL ERROR]: SqliteError: no such column: actual_outcome
    at Database.prepare (/data/trinity_apex/node_modules/better-sqlite3/lib/methods/wrappers.js:5:21)
    at Timeout._onTimeout (/data/trinity_apex/server.ts:499:31)
    at listOnTimeout (node:internal/timers:581:17)
    at process.processTimers (node:internal/timers:519:7) {
  code: 'SQLITE_ERROR'
}
[KINETICS] TDS Emitted: ETH/USDT | Sentiment: 0.90 | Prob: 0.9900 | State: 2154.88
[KINETICS] TDS Emitted: SOL/USDT | Sentiment: 0.75 | Prob: 0.9900 | State: 83.29
[SENTINEL] Oracle silence detected! System alert.
[SENTINEL ERROR]: SqliteError: no such column: actual_outcome
    at Database.prepare (/data/trinity_apex/node_modules/better-sqlite3/lib/methods/wrappers.js:5:21)
    at Timeout._onTimeout (/data/trinity_apex/server.ts:499:31)
    at listOnTimeout (node:internal/timers:581:17)
    at process.processTimers (node:internal/timers:519:7) {
  code: 'SQLITE_ERROR'
}
[KINETICS] TDS Emitted: ETH/USDT | Sentiment: 0.84 | Prob: 0.9900 | State: 2154.88
[SENTINEL] Oracle silence detected! System alert.
[SENTINEL ERROR]: SqliteError: no such column: actual_outcome
    at Database.prepare (/data/trinity_apex/node_modules/better-sqlite3/lib/methods/wrappers.js:5:21)
    at Timeout._onTimeout (/data/trinity_apex/server.ts:499:31)
    at listOnTimeout (node:internal/timers:581:17)
    at process.processTimers (node:internal/timers:519:7) {
  code: 'SQLITE_ERROR'
}
[KINETICS] TDS Emitted: SOL/USDT | Sentiment: -0.96 | Prob: 0.9900 | State: 83.36
[SENTINEL] Oracle silence detected! System alert.
[SENTINEL ERROR]: SqliteError: no such column: actual_outcome
    at Database.prepare (/data/trinity_apex/node_modules/better-sqlite3/lib/methods/wrappers.js:5:21)
    at Timeout._onTimeout (/data/trinity_apex/server.ts:499:31)
    at listOnTimeout (node:internal/timers:581:17)
    at process.processTimers (node:internal/timers:519:7) {
  code: 'SQLITE_ERROR'
}
[KINETICS] TDS Emitted: BTC/USDT | Sentiment: 0.85 | Prob: 0.9900 | State: 70300
[SENTINEL] Oracle silence detected! System alert.
[SENTINEL ERROR]: SqliteError: no such column: actual_outcome
    at Database.prepare (/data/trinity_apex/node_modules/better-sqlite3/lib/methods/wrappers.js:5:21)
    at Timeout._onTimeout (/data/trinity_apex/server.ts:499:31)
    at listOnTimeout (node:internal/timers:581:17)
    at process.processTimers (node:internal/timers:519:7) {
  code: 'SQLITE_ERROR'
}
[KINETICS] TDS Emitted: ETH/USDT | Sentiment: -0.72 | Prob: 0.9900 | State: 2157.51
[KINETICS] TDS Emitted: SOL/USDT | Sentiment: 0.70 | Prob: 0.9900 | State: 83.42
[SENTINEL] Oracle silence detected! System alert.
[SENTINEL ERROR]: SqliteError: no such column: actual_outcome
    at Database.prepare (/data/trinity_apex/node_modules/better-sqlite3/lib/methods/wrappers.js:5:21)
    at Timeout._onTimeout (/data/trinity_apex/server.ts:499:31)
    at listOnTimeout (node:internal/timers:581:17)
    at process.processTimers (node:internal/timers:519:7) {
  code: 'SQLITE_ERROR'
}
[KINETICS] TDS Emitted: BTC/USDT | Sentiment: -0.73 | Prob: 0.9900 | State: 70371.2
[SENTINEL] Oracle silence detected! System alert.
[SENTINEL ERROR]: SqliteError: no such column: actual_outcome
    at Database.prepare (/data/trinity_apex/node_modules/better-sqlite3/lib/methods/wrappers.js:5:21)
    at Timeout._onTimeout (/data/trinity_apex/server.ts:499:31)
    at listOnTimeout (node:internal/timers:581:17)
    at process.processTimers (node:internal/timers:519:7) {
  code: 'SQLITE_ERROR'
}
[SENTINEL] Oracle silence detected! System alert.
[SENTINEL ERROR]: SqliteError: no such column: actual_outcome
    at Database.prepare (/data/trinity_apex/node_modules/better-sqlite3/lib/methods/wrappers.js:5:21)
    at Timeout._onTimeout (/data/trinity_apex/server.ts:499:31)
    at listOnTimeout (node:internal/timers:581:17)
    at process.processTimers (node:internal/timers:519:7) {
  code: 'SQLITE_ERROR'
}
[KINETICS] TDS Emitted: BTC/USDT | Sentiment: 0.91 | Prob: 0.9900 | State: 70320.1
[SENTINEL] Oracle silence detected! System alert.
[SENTINEL ERROR]: SqliteError: no such column: actual_outcome
    at Database.prepare (/data/trinity_apex/node_modules/better-sqlite3/lib/methods/wrappers.js:5:21)
    at Timeout._onTimeout (/data/trinity_apex/server.ts:499:31)
    at listOnTimeout (node:internal/timers:581:17)
    at process.processTimers (node:internal/timers:519:7) {
  code: 'SQLITE_ERROR'
}
[KINETICS] TDS Emitted: BTC/USDT | Sentiment: 0.58 | Prob: 0.8666 | State: 70348.5
[KINETICS] TDS Emitted: ETH/USDT | Sentiment: -0.88 | Prob: 0.9900 | State: 2157.01
[SENTINEL] Oracle silence detected! System alert.
[SENTINEL ERROR]: SqliteError: no such column: actual_outcome
    at Database.prepare (/data/trinity_apex/node_modules/better-sqlite3/lib/methods/wrappers.js:5:21)
    at Timeout._onTimeout (/data/trinity_apex/server.ts:499:31)
    at listOnTimeout (node:internal/timers:581:17)
    at process.processTimers (node:internal/timers:519:7) {
  code: 'SQLITE_ERROR'
}
[KINETICS] TDS Emitted: BTC/USDT | Sentiment: -0.66 | Prob: 0.9853 | State: 70330.3
[SENTINEL] Oracle silence detected! System alert.
[SENTINEL ERROR]: SqliteError: no such column: actual_outcome
    at Database.prepare (/data/trinity_apex/node_modules/better-sqlite3/lib/methods/wrappers.js:5:21)
    at Timeout._onTimeout (/data/trinity_apex/server.ts:499:31)
    at listOnTimeout (node:internal/timers:581:17)
    at process.processTimers (node:internal/timers:519:7) {
  code: 'SQLITE_ERROR'
}
[KINETICS] TDS Emitted: ETH/USDT | Sentiment: 0.65 | Prob: 0.9512 | State: 2157.07
[SENTINEL] Oracle silence detected! System alert.
[SENTINEL ERROR]: SqliteError: no such column: actual_outcome
    at Database.prepare (/data/trinity_apex/node_modules/better-sqlite3/lib/methods/wrappers.js:5:21)
    at Timeout._onTimeout (/data/trinity_apex/server.ts:499:31)
    at listOnTimeout (node:internal/timers:581:17)
    at process.processTimers (node:internal/timers:519:7) {
  code: 'SQLITE_ERROR'
}
[KINETICS] TDS Emitted: BTC/USDT | Sentiment: -0.51 | Prob: 0.7521 | State: 70369.9
[SENTINEL] Oracle silence detected! System alert.
[SENTINEL ERROR]: SqliteError: no such column: actual_outcome
    at Database.prepare (/data/trinity_apex/node_modules/better-sqlite3/lib/methods/wrappers.js:5:21)
    at Timeout._onTimeout (/data/trinity_apex/server.ts:499:31)
    at listOnTimeout (node:internal/timers:581:17)
    at process.processTimers (node:internal/timers:519:7) {
  code: 'SQLITE_ERROR'
}
[KINETICS] TDS Emitted: ETH/USDT | Sentiment: 0.55 | Prob: 0.8111 | State: 2158.31
[SENTINEL] Oracle silence detected! System alert.
[SENTINEL ERROR]: SqliteError: no such column: actual_outcome
    at Database.prepare (/data/trinity_apex/node_modules/better-sqlite3/lib/methods/wrappers.js:5:21)
    at Timeout._onTimeout (/data/trinity_apex/server.ts:499:31)
    at listOnTimeout (node:internal/timers:581:17)
    at process.processTimers (node:internal/timers:519:7) {
  code: 'SQLITE_ERROR'
}
[KINETICS] TDS Emitted: BTC/USDT | Sentiment: -0.87 | Prob: 0.9900 | State: 70407.8
[KINETICS] TDS Emitted: SOL/USDT | Sentiment: -0.78 | Prob: 0.9900 | State: 83.44
[SENTINEL] Oracle silence detected! System alert.
[SENTINEL ERROR]: SqliteError: no such column: actual_outcome
    at Database.prepare (/data/trinity_apex/node_modules/better-sqlite3/lib/methods/wrappers.js:5:21)
    at Timeout._onTimeout (/data/trinity_apex/server.ts:499:31)
    at listOnTimeout (node:internal/timers:581:17)
    at process.processTimers (node:internal/timers:519:7) {
  code: 'SQLITE_ERROR'
}
[KINETICS] TDS Emitted: SOL/USDT | Sentiment: -0.84 | Prob: 0.9900 | State: 83.44
[KINETICS] TDS Emitted: SOL/USDT | Sentiment: 0.75 | Prob: 0.9900 | State: 83.43
[SENTINEL] Oracle silence detected! System alert.
[SENTINEL ERROR]: SqliteError: no such column: actual_outcome
    at Database.prepare (/data/trinity_apex/node_modules/better-sqlite3/lib/methods/wrappers.js:5:21)
    at Timeout._onTimeout (/data/trinity_apex/server.ts:499:31)
    at listOnTimeout (node:internal/timers:581:17)
    at process.processTimers (node:internal/timers:519:7) {
  code: 'SQLITE_ERROR'
}
[SENTINEL] Oracle silence detected! System alert.
[SENTINEL ERROR]: SqliteError: no such column: actual_outcome
    at Database.prepare (/data/trinity_apex/node_modules/better-sqlite3/lib/methods/wrappers.js:5:21)
    at Timeout._onTimeout (/data/trinity_apex/server.ts:499:31)
    at listOnTimeout (node:internal/timers:581:17)
    at process.processTimers (node:internal/timers:519:7) {
  code: 'SQLITE_ERROR'
}
[KINETICS] TDS Emitted: ETH/USDT | Sentiment: 0.55 | Prob: 0.8028 | State: 2159.7
[KINETICS] TDS Emitted: ETH/USDT | Sentiment: -0.52 | Prob: 0.7602 | State: 2159.85
[SENTINEL] Oracle silence detected! System alert.
[SENTINEL ERROR]: SqliteError: no such column: actual_outcome
    at Database.prepare (/data/trinity_apex/node_modules/better-sqlite3/lib/methods/wrappers.js:5:21)
    at Timeout._onTimeout (/data/trinity_apex/server.ts:499:31)
    at listOnTimeout (node:internal/timers:581:17)
    at process.processTimers (node:internal/timers:519:7) {
  code: 'SQLITE_ERROR'
}
[KINETICS] TDS Emitted: BTC/USDT | Sentiment: 0.91 | Prob: 0.9900 | State: 70410.2
[SENTINEL] Oracle silence detected! System alert.
[SENTINEL ERROR]: SqliteError: no such column: actual_outcome
    at Database.prepare (/data/trinity_apex/node_modules/better-sqlite3/lib/methods/wrappers.js:5:21)
    at Timeout._onTimeout (/data/trinity_apex/server.ts:499:31)
    at listOnTimeout (node:internal/timers:581:17)
    at process.processTimers (node:internal/timers:519:7) {
  code: 'SQLITE_ERROR'
}
[KINETICS] TDS Emitted: ETH/USDT | Sentiment: -0.57 | Prob: 0.8422 | State: 2162
[SENTINEL] Oracle silence detected! System alert.
[SENTINEL ERROR]: SqliteError: no such column: actual_outcome
    at Database.prepare (/data/trinity_apex/node_modules/better-sqlite3/lib/methods/wrappers.js:5:21)
    at Timeout._onTimeout (/data/trinity_apex/server.ts:499:31)
    at listOnTimeout (node:internal/timers:581:17)
    at process.processTimers (node:internal/timers:519:7) {
  code: 'SQLITE_ERROR'
}
[SENTINEL] Oracle silence detected! System alert.
[SENTINEL ERROR]: SqliteError: no such column: actual_outcome
    at Database.prepare (/data/trinity_apex/node_modules/better-sqlite3/lib/methods/wrappers.js:5:21)
    at Timeout._onTimeout (/data/trinity_apex/server.ts:499:31)
    at listOnTimeout (node:internal/timers:581:17)
    at process.processTimers (node:internal/timers:519:7) {
  code: 'SQLITE_ERROR'
}
[SENTINEL] Oracle silence detected! System alert.
[SENTINEL ERROR]: SqliteError: no such column: actual_outcome
    at Database.prepare (/data/trinity_apex/node_modules/better-sqlite3/lib/methods/wrappers.js:5:21)
    at Timeout._onTimeout (/data/trinity_apex/server.ts:499:31)
    at listOnTimeout (node:internal/timers:581:17)
    at process.processTimers (node:internal/timers:519:7) {
  code: 'SQLITE_ERROR'
}
[KINETICS] TDS Emitted: BTC/USDT | Sentiment: 0.81 | Prob: 0.9900 | State: 70451.3
[SENTINEL] Oracle silence detected! System alert.
[SENTINEL ERROR]: SqliteError: no such column: actual_outcome
    at Database.prepare (/data/trinity_apex/node_modules/better-sqlite3/lib/methods/wrappers.js:5:21)
    at Timeout._onTimeout (/data/trinity_apex/server.ts:499:31)
    at listOnTimeout (node:internal/timers:581:17)
    at process.processTimers (node:internal/timers:519:7) {
  code: 'SQLITE_ERROR'
}
[KINETICS] TDS Emitted: BTC/USDT | Sentiment: -0.69 | Prob: 0.9900 | State: 70451.4
[SENTINEL] Oracle silence detected! System alert.
[SENTINEL ERROR]: SqliteError: no such column: actual_outcome
    at Database.prepare (/data/trinity_apex/node_modules/better-sqlite3/lib/methods/wrappers.js:5:21)
    at Timeout._onTimeout (/data/trinity_apex/server.ts:499:31)
    at listOnTimeout (node:internal/timers:581:17)
    at process.processTimers (node:internal/timers:519:7) {
  code: 'SQLITE_ERROR'
}
[KINETICS] TDS Emitted: ETH/USDT | Sentiment: -0.58 | Prob: 0.8042 | State: 2180.46
[SENTINEL] Oracle silence detected! System alert.
[SENTINEL ERROR]: SqliteError: no such column: actual_outcome
    at Database.prepare (/data/trinity_apex/node_modules/better-sqlite3/lib/methods/wrappers.js:5:21)
    at Timeout._onTimeout (/data/trinity_apex/server.ts:499:31)
    at listOnTimeout (node:internal/timers:581:17)
    at process.processTimers (node:internal/timers:519:7) {
  code: 'SQLITE_ERROR'
}
[KINETICS] TDS Emitted: SOL/USDT | Sentiment: -0.48 | Prob: 0.7213 | State: 84.02
[KINETICS] TDS Emitted: ETH/USDT | Sentiment: -0.54 | Prob: 0.7876 | State: 2174.68
[SENTINEL] Oracle silence detected! System alert.
[SENTINEL ERROR]: SqliteError: no such column: actual_outcome
    at Database.prepare (/data/trinity_apex/node_modules/better-sqlite3/lib/methods/wrappers.js:5:21)
    at Timeout._onTimeout (/data/trinity_apex/server.ts:499:31)
    at listOnTimeout (node:internal/timers:581:17)
    at process.processTimers (node:internal/timers:519:7) {
  code: 'SQLITE_ERROR'
}
[KINETICS] TDS Emitted: SOL/USDT | Sentiment: -0.59 | Prob: 0.8860 | State: 84.17
[SENTINEL] Oracle silence detected! System alert.
[SENTINEL ERROR]: SqliteError: no such column: actual_outcome
    at Database.prepare (/data/trinity_apex/node_modules/better-sqlite3/lib/methods/wrappers.js:5:21)
    at Timeout._onTimeout (/data/trinity_apex/server.ts:499:31)
    at listOnTimeout (node:internal/timers:581:17)
    at process.processTimers (node:internal/timers:519:7) {
  code: 'SQLITE_ERROR'
}
[KINETICS] TDS Emitted: BTC/USDT | Sentiment: 0.57 | Prob: 0.8403 | State: 70781.6
[KINETICS] TDS Emitted: ETH/USDT | Sentiment: -0.95 | Prob: 0.9900 | State: 2172.85
[SENTINEL] Oracle silence detected! System alert.
[SENTINEL ERROR]: SqliteError: no such column: actual_outcome
    at Database.prepare (/data/trinity_apex/node_modules/better-sqlite3/lib/methods/wrappers.js:5:21)
    at Timeout._onTimeout (/data/trinity_apex/server.ts:499:31)
    at listOnTimeout (node:internal/timers:581:17)
    at process.processTimers (node:internal/timers:519:7) {
  code: 'SQLITE_ERROR'
}
[KINETICS] TDS Emitted: BTC/USDT | Sentiment: 0.54 | Prob: 0.8055 | State: 70836.3
[SENTINEL] Oracle silence detected! System alert.
[SENTINEL ERROR]: SqliteError: no such column: actual_outcome
    at Database.prepare (/data/trinity_apex/node_modules/better-sqlite3/lib/methods/wrappers.js:5:21)
    at Timeout._onTimeout (/data/trinity_apex/server.ts:499:31)
    at listOnTimeout (node:internal/timers:581:17)
    at process.processTimers (node:internal/timers:519:7) {
  code: 'SQLITE_ERROR'
}
[KINETICS] TDS Emitted: BTC/USDT | Sentiment: 0.86 | Prob: 0.9900 | State: 70818.7
[KINETICS] TDS Emitted: SOL/USDT | Sentiment: 0.70 | Prob: 0.9900 | State: 84.27
[SENTINEL] Oracle silence detected! System alert.
[SENTINEL ERROR]: SqliteError: no such column: actual_outcome
    at Database.prepare (/data/trinity_apex/node_modules/better-sqlite3/lib/methods/wrappers.js:5:21)
    at Timeout._onTimeout (/data/trinity_apex/server.ts:499:31)
    at listOnTimeout (node:internal/timers:581:17)
    at process.processTimers (node:internal/timers:519:7) {
  code: 'SQLITE_ERROR'
}
[KINETICS] TDS Emitted: ETH/USDT | Sentiment: -0.56 | Prob: 0.8261 | State: 2177.93
[SENTINEL] Oracle silence detected! System alert.
[SENTINEL ERROR]: SqliteError: no such column: actual_outcome
    at Database.prepare (/data/trinity_apex/node_modules/better-sqlite3/lib/methods/wrappers.js:5:21)
    at Timeout._onTimeout (/data/trinity_apex/server.ts:499:31)
    at listOnTimeout (node:internal/timers:581:17)
    at process.processTimers (node:internal/timers:519:7) {
  code: 'SQLITE_ERROR'
}
[KINETICS] TDS Emitted: ETH/USDT | Sentiment: 0.60 | Prob: 0.8771 | State: 2182.53
[SENTINEL] Oracle silence detected! System alert.
[SENTINEL ERROR]: SqliteError: no such column: actual_outcome
    at Database.prepare (/data/trinity_apex/node_modules/better-sqlite3/lib/methods/wrappers.js:5:21)
    at Timeout._onTimeout (/data/trinity_apex/server.ts:499:31)
    at listOnTimeout (node:internal/timers:581:17)
    at process.processTimers (node:internal/timers:519:7) {
  code: 'SQLITE_ERROR'
}
[SENTINEL] Oracle silence detected! System alert.
[SENTINEL ERROR]: SqliteError: no such column: actual_outcome
    at Database.prepare (/data/trinity_apex/node_modules/better-sqlite3/lib/methods/wrappers.js:5:21)
    at Timeout._onTimeout (/data/trinity_apex/server.ts:499:31)
    at listOnTimeout (node:internal/timers:581:17)
    at process.processTimers (node:internal/timers:519:7) {
  code: 'SQLITE_ERROR'
}
[SENTINEL] Oracle silence detected! System alert.
[SENTINEL ERROR]: SqliteError: no such column: actual_outcome
    at Database.prepare (/data/trinity_apex/node_modules/better-sqlite3/lib/methods/wrappers.js:5:21)
    at Timeout._onTimeout (/data/trinity_apex/server.ts:499:31)
    at listOnTimeout (node:internal/timers:581:17)
    at process.processTimers (node:internal/timers:519:7) {
  code: 'SQLITE_ERROR'
}
[KINETICS] TDS Emitted: BTC/USDT | Sentiment: 0.86 | Prob: 0.9900 | State: 71299.3
[SENTINEL] Oracle silence detected! System alert.
[SENTINEL ERROR]: SqliteError: no such column: actual_outcome
    at Database.prepare (/data/trinity_apex/node_modules/better-sqlite3/lib/methods/wrappers.js:5:21)
    at Timeout._onTimeout (/data/trinity_apex/server.ts:499:31)
    at listOnTimeout (node:internal/timers:581:17)
    at process.processTimers (node:internal/timers:519:7) {
  code: 'SQLITE_ERROR'
}
[KINETICS] TDS Emitted: ETH/USDT | Sentiment: -0.71 | Prob: 0.9900 | State: 2190.06
[SENTINEL] Oracle silence detected! System alert.
[SENTINEL ERROR]: SqliteError: no such column: actual_outcome
    at Database.prepare (/data/trinity_apex/node_modules/better-sqlite3/lib/methods/wrappers.js:5:21)
    at Timeout._onTimeout (/data/trinity_apex/server.ts:499:31)
    at listOnTimeout (node:internal/timers:581:17)
    at process.processTimers (node:internal/timers:519:7) {
  code: 'SQLITE_ERROR'
}
[SENTINEL] Oracle silence detected! System alert.
[SENTINEL ERROR]: SqliteError: no such column: actual_outcome
    at Database.prepare (/data/trinity_apex/node_modules/better-sqlite3/lib/methods/wrappers.js:5:21)
    at Timeout._onTimeout (/data/trinity_apex/server.ts:499:31)
    at listOnTimeout (node:internal/timers:581:17)
    at process.processTimers (node:internal/timers:519:7) {
  code: 'SQLITE_ERROR'
}
[SENTINEL] Oracle silence detected! System alert.
[SENTINEL ERROR]: SqliteError: no such column: actual_outcome
    at Database.prepare (/data/trinity_apex/node_modules/better-sqlite3/lib/methods/wrappers.js:5:21)
    at Timeout._onTimeout (/data/trinity_apex/server.ts:499:31)
    at listOnTimeout (node:internal/timers:581:17)
    at process.processTimers (node:internal/timers:519:7) {
  code: 'SQLITE_ERROR'
}
