============================================================
ULTIMATE SPL SHORT PREDICTION & PAPER TRADING SYSTEM
============================================================
Starting at 2026-04-13T00:23:44.685Z
Update interval: 30s
Ranking interval: 30min

[WebSocket] Server started on ws://0.0.0.0:8080

[2026-04-13T00:23:44.686Z] Running ranking cycle...

[2026-04-13T00:23:44.686Z] Fetching top coins from DexScreener...
node:events:502
      throw er; // Unhandled 'error' event
      ^

Error: listen EADDRINUSE: address already in use 0.0.0.0:8080
    at Server.setupListenHandle [as _listen2] (node:net:1908:16)
    at listenInCluster (node:net:1965:12)
    at doListen (node:net:2139:7)
    at process.processTicksAndRejections (node:internal/process/task_queues:83:21)
Emitted 'error' event on WebSocketServer instance at:
    at Server.emit (node:events:524:28)
    at emitErrorNT (node:net:1944:8)
    at process.processTicksAndRejections (node:internal/process/task_queues:82:21) {
  code: 'EADDRINUSE',
  errno: -98,
  syscall: 'listen',
  address: '0.0.0.0',
  port: 8080
}

Node.js v20.20.2
