
> dashboard@0.0.0 dev
> vite

9:21:24 AM [vite] (client) Re-optimizing dependencies because vite config has changed

  VITE v8.0.8  ready in 144 ms

  ➜  Local:   http://localhost:5173/
  ➜  Network: http://178.63.205.37:5173/
  ➜  Network: http://10.0.1.1:5173/
  ➜  Network: http://172.17.0.1:5173/
9:24:29 AM [vite] (client) hmr update /src/App.tsx, /src/index.css
9:25:15 AM [vite] (client) hmr update /src/App.tsx, /src/index.css
9:25:59 AM [vite] (client) hmr update /src/App.tsx, /src/index.css
9:26:45 AM [vite] (client) hmr update /src/App.tsx, /src/index.css
9:26:58 AM [vite] (client) hmr update /src/App.tsx, /src/index.css
9:27:50 AM [vite] (client) hmr update /src/App.tsx, /src/index.css
9:32:17 AM [vite] (client) ✨ new dependencies optimized: @finos/perspective-viewer-datagrid, @finos/perspective-viewer
9:32:17 AM [vite] (client) ✨ optimized dependencies changed. reloading
9:33:35 AM [vite] (client) hmr update /src/App.tsx, /src/index.css
9:34:06 AM [vite] (client) hmr update /src/App.tsx, /src/index.css
9:34:15 AM [vite] (client) hmr update /src/App.tsx, /src/index.css
9:34:26 AM [vite] (client) hmr update /src/App.tsx, /src/index.css
9:35:05 AM [vite] (client) hmr update /src/App.tsx, /src/index.css
9:35:16 AM [vite] (client) page reload index.html
9:35:21 AM [vite] (client) page reload src/perspective-init.ts
9:35:27 AM [vite] (client) hmr update /src/App.tsx, /src/index.css
9:35:34 AM [vite] (client) hmr update /src/App.tsx, /src/index.css
9:35:42 AM [vite] (client) hmr update /src/App.tsx, /src/index.css
9:36:28 AM [vite] (client) hmr update /src/App.tsx, /src/index.css
9:36:35 AM [vite] (client) hmr update /src/App.tsx, /src/index.css
9:36:43 AM [vite] (client) hmr update /src/App.tsx, /src/index.css
9:36:58 AM [vite] (client) hmr update /src/App.tsx, /src/index.css
9:37:03 AM [vite] (client) hmr update /src/App.tsx, /src/index.css
9:51:19 AM [vite] (client) hmr update /src/App.tsx, /src/index.css
9:52:32 AM [vite] (client) hmr update /src/App.tsx, /src/index.css
9:52:37 AM [vite] (client) hmr update /src/App.tsx, /src/index.css
10:20:49 AM [vite] vite.config.ts changed, restarting server...
10:20:49 AM [vite] server restarted.
10:57:22 AM [vite] (client) hmr update /src/App.tsx, /src/index.css
